<?xml version="1.0" encoding="UTF-8"?>
<testsuite xmlns:xsi="http://www.w3.org/2001/XMLSchema-instance" xsi:noNamespaceSchemaLocation="https://maven.apache.org/surefire/maven-surefire-plugin/xsd/surefire-test-report.xsd" name="testRunner.testRunner" time="26.503" tests="28" errors="0" skipped="4" failures="0">
  <properties>
[...]
</properties>
  <testcase name="Given User is in login page" classname="Scenario: LogIn, LogOut" time="0.001"/>
  <testcase name="When Enter username and password and clicl login button" classname="Scenario: LogIn, LogOut" time="0.002"/>
  <testcase name="Then Verify user logged ins" classname="Scenario: LogIn, LogOut" time="0"/>
  <testcase name="And User clicks logged out" classname="Scenario: LogIn, LogOut" time="0.002"/>
  <testcase name="And Verify user logget out" classname="Scenario: LogIn, LogOut" time="0"/>
  <testcase name="Scenario: LogIn, LogOut" classname="Scenario: LogIn, LogOut" time="0.103"/>
  <testcase name="Given User is in login page" classname="Scenario: LogIn" time="0"/>
  <testcase name="When Enter username &quot;admin&quot; then password &quot;admin&quot; and click login button" classname="Scenario: LogIn" time="0"/>
  <testcase name="Then Verify user logged ins" classname="Scenario: LogIn" time="0"/>
  <testcase name="Scenario: LogIn" classname="Scenario: LogIn" time="0.102"/>
  <testcase name="Given User is in login page" classname="Scenario: Login" time="0"/>
  <testcase name="When Enter username after password and click login button" classname="Scenario: Login" time="0"/>
  <testcase name="Then Verify user logged ins" classname="Scenario: Login" time="0"/>
  <testcase name="Scenario: Login" classname="Scenario: Login" time="0.096"/>
  <testcase name="Given User is in login page" classname="|  | admin |" time="0"/>
  <testcase name="When Enter  then admin and clicl login button" classname="|  | admin |" time="0">
    <skipped/>
  </testcase>
  <testcase name="|  | admin |" classname="|  | admin |" time="0">
    <skipped/>
  </testcase>
  <testcase name="|  | admin |" classname="|  | admin |" time="0.1"/>
  <testcase name="Given User is in login page" classname="| admin |  |" time="0"/>
  <testcase name="When Enter admin then  and clicl login button" classname="| admin |  |" time="0">
    <skipped/>
  </testcase>
  <testcase name="| admin |  |" classname="| admin |  |" time="0">
    <skipped/>
  </testcase>
  <testcase name="| admin |  |" classname="| admin |  |" time="0.103"/>
  <testcase name="Given User is in login page" classname="| admi | admin |" time="0"/>
  <testcase name="When Enter admi then admin and clicl login button" classname="| admi | admin |" time="0"/>
  <testcase name="| admi | admin |" classname="| admi | admin |" time="0.096"/>
  <testcase name="Given User is in login page" classname="| admin | admi |" time="0"/>
  <testcase name="When Enter admin then admi and clicl login button" classname="| admin | admi |" time="0"/>
  <testcase name="| admin | admi |" classname="| admin | admi |" time="0.096"/>
</testsuite>